Flutter crash report.
Please report a bug at https://github.com/flutter/flutter/issues.

## command

flutter --no-color run --machine --track-widget-creation --device-id=00008130-0008748C0C2B803A --start-paused --dart-define=flutter.inspector.structuredErrors=true lib/main.dart

## exception

SocketException: SocketException: Send failed (OS Error: No route to host, errno = 65), address = 0.0.0.0, port = 5353

```
#0      _NativeSocket.send (dart:io-patch/socket_patch.dart:1275:34)
#1      _RawDatagramSocket.send (dart:io-patch/socket_patch.dart:2590:15)
#2      MDnsClient.lookup (package:multicast_dns/multicast_dns.dart:219:22)
#3      MDnsVmServiceDiscovery._pollingVmService (package:flutter_tools/src/mdns_discovery.dart:232:66)
<asynchronous suspension>
#4      MDnsVmServiceDiscovery.firstMatchingVmService (package:flutter_tools/src/mdns_discovery.dart:188:56)
<asynchronous suspension>
#5      MDnsVmServiceDiscovery.getVMServiceUriForLaunch (package:flutter_tools/src/mdns_discovery.dart:433:50)
<asynchronous suspension>
#6      Future.any.onValue (dart:async/future.dart:628:5)
<asynchronous suspension>
```

## flutter doctor

```
[✓] Flutter (Channel stable, 3.24.5, on macOS 15.2 24C101 darwin-arm64, locale en-BR)
    • Flutter version 3.24.5 on channel stable at /Users/iomarketingdev/development/flutter
    • Upstream repository https://github.com/flutter/flutter.git
    • Framework revision dec2ee5c1f (8 weeks ago), 2024-11-13 11:13:06 -0800
    • Engine revision a18df97ca5
    • Dart version 3.5.4
    • DevTools version 2.37.3

[✓] Android toolchain - develop for Android devices (Android SDK version 35.0.0)
    • Android SDK at /Users/iomarketingdev/Library/Android/sdk
    • Platform android-35, build-tools 35.0.0
    • Java binary at: /Applications/Android Studio.app/Contents/jbr/Contents/Home/bin/java
    • Java version OpenJDK Runtime Environment (build 17.0.11+0-17.0.11b1207.24-11852314)
    • All Android licenses accepted.

[✓] Xcode - develop for iOS and macOS (Xcode 16.2)
    • Xcode at /Applications/Xcode.app/Contents/Developer
    • Build 16C5032a
    • CocoaPods version 1.16.2

[✓] Chrome - develop for the web
    • Chrome at /Applications/Google Chrome.app/Contents/MacOS/Google Chrome

[✓] Android Studio (version 2024.1)
    • Android Studio at /Applications/Android Studio.app/Contents
    • Flutter plugin can be installed from:
      🔨 https://plugins.jetbrains.com/plugin/9212-flutter
    • Dart plugin can be installed from:
      🔨 https://plugins.jetbrains.com/plugin/6351-dart
    • Java version OpenJDK Runtime Environment (build 17.0.11+0-17.0.11b1207.24-11852314)

[✓] IntelliJ IDEA Ultimate Edition (version 2024.3.1)
    • IntelliJ at /Applications/IntelliJ IDEA.app
    • Flutter plugin version 83.0.4
    • Dart plugin version 243.23177

[✓] VS Code (version 1.95.3)
    • VS Code at /Applications/Visual Studio Code.app/Contents
    • Flutter extension can be installed from:
      🔨 https://marketplace.visualstudio.com/items?itemName=Dart-Code.flutter

[✓] Connected device (4 available)
    • iPhone (mobile)                 • 00008130-0008748C0C2B803A • ios            • iOS 18.2.1 22C161
    • macOS (desktop)                 • macos                     • darwin-arm64   • macOS 15.2 24C101 darwin-arm64
    • Mac Designed for iPad (desktop) • mac-designed-for-ipad     • darwin         • macOS 15.2 24C101 darwin-arm64
    • Chrome (web)                    • chrome                    • web-javascript • Google Chrome 131.0.6778.205
    ! Error: Browsing on the local area network for iPhone de Samuel. Ensure the device is unlocked and attached with a cable or associated with the same local area network as this Mac.
      The device must be opted into Developer Mode to connect wirelessly. (code -27)
    ! Error: Browsing on the local area network for iPhone. Ensure the device is unlocked and attached with a cable or associated with the same local area network as this Mac.
      The device must be opted into Developer Mode to connect wirelessly. (code -27)

[✓] Network resources
    • All expected network resources are available.

• No issues found!
```
